Start testing: Sep 12 16:45 CEST
----------------------------------------------------------
1/8 Testing: matheval.x3.literals
1/8 Test: matheval.x3.literals
Command: "/home/ceber/Dev/Cpp/deps/boost_matheval/build/x86_64/tests/matheval.x3.literals"
Directory: /home/ceber/Dev/Cpp/deps/boost_matheval/build/x86_64/tests
"matheval.x3.literals" start time: Sep 12 16:45 CEST
Output:
----------------------------------------------------------
Running 8 test cases...

[1;32;49m*** No errors detected
[0;39;49m
<end of output>
Test time =   0.00 sec
----------------------------------------------------------
Test Passed.
"matheval.x3.literals" end time: Sep 12 16:45 CEST
"matheval.x3.literals" time elapsed: 00:00:00
----------------------------------------------------------

2/8 Testing: matheval.x3.arithmetic
2/8 Test: matheval.x3.arithmetic
Command: "/home/ceber/Dev/Cpp/deps/boost_matheval/build/x86_64/tests/matheval.x3.arithmetic"
Directory: /home/ceber/Dev/Cpp/deps/boost_matheval/build/x86_64/tests
"matheval.x3.arithmetic" start time: Sep 12 16:45 CEST
Output:
----------------------------------------------------------
Running 5 test cases...

[1;32;49m*** No errors detected
[0;39;49m
<end of output>
Test time =   0.00 sec
----------------------------------------------------------
Test Passed.
"matheval.x3.arithmetic" end time: Sep 12 16:45 CEST
"matheval.x3.arithmetic" time elapsed: 00:00:00
----------------------------------------------------------

3/8 Testing: matheval.x3.order_of_operations
3/8 Test: matheval.x3.order_of_operations
Command: "/home/ceber/Dev/Cpp/deps/boost_matheval/build/x86_64/tests/matheval.x3.order_of_operations"
Directory: /home/ceber/Dev/Cpp/deps/boost_matheval/build/x86_64/tests
"matheval.x3.order_of_operations" start time: Sep 12 16:45 CEST
Output:
----------------------------------------------------------
Running 32 test cases...

[1;32;49m*** No errors detected
[0;39;49m
<end of output>
Test time =   0.01 sec
----------------------------------------------------------
Test Passed.
"matheval.x3.order_of_operations" end time: Sep 12 16:45 CEST
"matheval.x3.order_of_operations" time elapsed: 00:00:00
----------------------------------------------------------

4/8 Testing: matheval.x3.unary
4/8 Test: matheval.x3.unary
Command: "/home/ceber/Dev/Cpp/deps/boost_matheval/build/x86_64/tests/matheval.x3.unary"
Directory: /home/ceber/Dev/Cpp/deps/boost_matheval/build/x86_64/tests
"matheval.x3.unary" start time: Sep 12 16:45 CEST
Output:
----------------------------------------------------------
Running 6 test cases...

[1;32;49m*** No errors detected
[0;39;49m
<end of output>
Test time =   0.00 sec
----------------------------------------------------------
Test Passed.
"matheval.x3.unary" end time: Sep 12 16:45 CEST
"matheval.x3.unary" time elapsed: 00:00:00
----------------------------------------------------------

5/8 Testing: matheval.x3.functions
5/8 Test: matheval.x3.functions
Command: "/home/ceber/Dev/Cpp/deps/boost_matheval/build/x86_64/tests/matheval.x3.functions"
Directory: /home/ceber/Dev/Cpp/deps/boost_matheval/build/x86_64/tests
"matheval.x3.functions" start time: Sep 12 16:45 CEST
Output:
----------------------------------------------------------
Running 35 test cases...

[1;32;49m*** No errors detected
[0;39;49m
<end of output>
Test time =   0.01 sec
----------------------------------------------------------
Test Passed.
"matheval.x3.functions" end time: Sep 12 16:45 CEST
"matheval.x3.functions" time elapsed: 00:00:00
----------------------------------------------------------

6/8 Testing: matheval.x3.variables
6/8 Test: matheval.x3.variables
Command: "/home/ceber/Dev/Cpp/deps/boost_matheval/build/x86_64/tests/matheval.x3.variables"
Directory: /home/ceber/Dev/Cpp/deps/boost_matheval/build/x86_64/tests
"matheval.x3.variables" start time: Sep 12 16:45 CEST
Output:
----------------------------------------------------------
Running 7 test cases...

[1;32;49m*** No errors detected
[0;39;49m
<end of output>
Test time =   0.00 sec
----------------------------------------------------------
Test Passed.
"matheval.x3.variables" end time: Sep 12 16:45 CEST
"matheval.x3.variables" time elapsed: 00:00:00
----------------------------------------------------------

7/8 Testing: matheval.x3.errors
7/8 Test: matheval.x3.errors
Command: "/home/ceber/Dev/Cpp/deps/boost_matheval/build/x86_64/tests/matheval.x3.errors"
Directory: /home/ceber/Dev/Cpp/deps/boost_matheval/build/x86_64/tests
"matheval.x3.errors" start time: Sep 12 16:45 CEST
Output:
----------------------------------------------------------
Running 3 test cases...
Expected expression at ""

[1;32;49m*** No errors detected
[0;39;49m
<end of output>
Test time =   0.00 sec
----------------------------------------------------------
Test Passed.
"matheval.x3.errors" end time: Sep 12 16:45 CEST
"matheval.x3.errors" time elapsed: 00:00:00
----------------------------------------------------------

8/8 Testing: matheval.x3.interface
8/8 Test: matheval.x3.interface
Command: "/home/ceber/Dev/Cpp/deps/boost_matheval/build/x86_64/tests/matheval.x3.interface"
Directory: /home/ceber/Dev/Cpp/deps/boost_matheval/build/x86_64/tests
"matheval.x3.interface" start time: Sep 12 16:45 CEST
Output:
----------------------------------------------------------
Running 4 test cases...
Expected expression at ""

[1;32;49m*** No errors detected
[0;39;49m
<end of output>
Test time =   0.00 sec
----------------------------------------------------------
Test Passed.
"matheval.x3.interface" end time: Sep 12 16:45 CEST
"matheval.x3.interface" time elapsed: 00:00:00
----------------------------------------------------------

End testing: Sep 12 16:45 CEST
